#
# There is insufficient memory for the Java Runtime Environment to continue.
# Native memory allocation (malloc) failed to allocate 2109616 bytes for Chunk::new
# Possible reasons:
#   The system is out of physical RAM or swap space
#   In 32 bit mode, the process size limit was hit
# Possible solutions:
#   Reduce memory load on the system
#   Increase physical memory or swap space
#   Check if swap backing store is full
#   Use 64 bit Java on a 64 bit OS
#   Decrease Java heap size (-Xmx/-Xms)
#   Decrease number of Java threads
#   Decrease Java thread stack sizes (-Xss)
#   Set larger code cache with -XX:ReservedCodeCacheSize=
# This output file may be truncated or incomplete.
#
#  Out of Memory Error (allocation.cpp:390), pid=2928, tid=0x0000000000002728
#
# JRE version: Java(TM) SE Runtime Environment (8.0_161-b12) (build 1.8.0_161-b12)
# Java VM: Java HotSpot(TM) 64-Bit Server VM (25.161-b12 mixed mode windows-amd64 compressed oops)
# Failed to write core dump. Minidumps are not enabled by default on client versions of Windows
#

---------------  T H R E A D  ---------------

Current thread (0x0000000019852000):  JavaThread "C2 CompilerThread1" daemon [_thread_in_native, id=10024, stack(0x000000001b0c0000,0x000000001b1c0000)]

Stack: [0x000000001b0c0000,0x000000001b1c0000]
[error occurred during error reporting (printing stack bounds), id 0xc0000005]

Native frames: (J=compiled Java code, j=interpreted, Vv=VM code, C=native code)


Current CompileTask:
C2:   4232 2989       4       java.net.URLClassLoader$1::run (5 bytes)


---------------  P R O C E S S  ---------------

Java Threads: ( => current thread )
  0x000000001b2e8800 JavaThread "Service Thread" daemon [_thread_blocked, id=4276, stack(0x000000001b6c0000,0x000000001b7c0000)]
  0x000000001987e800 JavaThread "C1 CompilerThread2" daemon [_thread_blocked, id=7576, stack(0x000000001b1c0000,0x000000001b2c0000)]
=>0x0000000019852000 JavaThread "C2 CompilerThread1" daemon [_thread_in_native, id=10024, stack(0x000000001b0c0000,0x000000001b1c0000)]
  0x000000001984a800 JavaThread "C2 CompilerThread0" daemon [_thread_in_native, id=3224, stack(0x000000001afc0000,0x000000001b0c0000)]
  0x0000000019857800 JavaThread "Attach Listener" daemon [_thread_blocked, id=11740, stack(0x000000001aec0000,0x000000001afc0000)]
  0x0000000019856000 JavaThread "Signal Dispatcher" daemon [_thread_blocked, id=12484, stack(0x000000001adc0000,0x000000001aec0000)]
  0x0000000004cfb000 JavaThread "Finalizer" daemon [_thread_blocked, id=8008, stack(0x000000001aaa0000,0x000000001aba0000)]
  0x0000000004cf2000 JavaThread "Reference Handler" daemon [_thread_blocked, id=10832, stack(0x000000001a9a0000,0x000000001aaa0000)]
  0x0000000004c02800 JavaThread "main" [_thread_blocked, id=5520, stack(0x0000000004b00000,0x0000000004c00000)]

Other Threads:
  0x0000000019817800 VMThread [stack: 0x000000001a8a0000,0x000000001a9a0000] [id=12664]
  0x000000001b2ea800 WatcherThread [stack: 0x000000001b7c0000,0x000000001b8c0000] [id=12196]

VM state:at safepoint (normal execution)

VM Mutex/Monitor currently owned by a thread:  ([mutex/lock_event])
[0x00000000049cdcb0] Threads_lock - owner thread: 0x0000000019817800
[0x00000000049ce430] Heap_lock - owner thread: 0x0000000004c02800

Heap:
 PSYoungGen      total 71680K, used 20016K [0x00000000d5d80000, 0x00000000df480000, 0x0000000100000000)
  eden space 66560K, 22% used [0x00000000d5d80000,0x00000000d6c14390,0x00000000d9e80000)
  from space 5120K, 99% used [0x00000000d9e80000,0x00000000da378020,0x00000000da380000)
  to   space 10752K, 47% used [0x00000000dea00000,0x00000000def09c80,0x00000000df480000)
 ParOldGen       total 87552K, used 11375K [0x0000000081800000, 0x0000000086d80000, 0x00000000d5d80000)
  object space 87552K, 12% used [0x0000000081800000,0x000000008231be30,0x0000000086d80000)
 Metaspace       used 20645K, capacity 21126K, committed 21296K, reserved 1069056K
  class space    used 2495K, capacity 2653K, committed 2688K, reserved 1048576K

Card table byte_map: [0x00000000140c0000,0x00000000144c0000] byte_map_base: 0x0000000013cb4000

Marking Bits: (ParMarkBitMap*) 0x0000000070fbf860
 Begin Bits: [0x0000000014b70000, 0x0000000016b10000)
 End Bits:   [0x0000000016b10000, 0x0000000018ab0000)

Polling page: 0x0000000003090000

CodeCache: size=245760Kb used=11128Kb max_used=11128Kb free=234631Kb
 bounds [0x0000000004d00000, 0x00000000057f0000, 0x0000000013d00000]
 total_blobs=3525 nmethods=3152 adapters=285
 compilation: enabled

Compilation events (10 events):
Event: 4.205 Thread 0x000000001987e800 nmethod 3145 0x00000000057dcf50 code [0x00000000057dd0a0, 0x00000000057dd1f0]
Event: 4.205 Thread 0x000000001987e800 3146       3       java.nio.charset.CharsetEncoder::onUnmappableCharacter (26 bytes)
Event: 4.205 Thread 0x000000001987e800 nmethod 3146 0x00000000057dd250 code [0x00000000057dd3c0, 0x00000000057dd708]
Event: 4.205 Thread 0x000000001987e800 3147       3       java.nio.charset.CharsetEncoder::implOnUnmappableCharacter (1 bytes)
Event: 4.205 Thread 0x000000001987e800 nmethod 3147 0x00000000057dd810 code [0x00000000057dd960, 0x00000000057ddab0]
Event: 4.206 Thread 0x000000001987e800 3148       3       java.util.jar.Manifest::toLower (24 bytes)
Event: 4.206 Thread 0x000000001987e800 nmethod 3148 0x00000000057ddb10 code [0x00000000057ddc60, 0x00000000057dde50]
Event: 4.206 Thread 0x000000001987e800 3149       3       java.util.jar.Attributes::<init> (17 bytes)
Event: 4.206 Thread 0x000000001987e800 nmethod 3149 0x00000000057dded0 code [0x00000000057de060, 0x00000000057de348]
Event: 4.208 Thread 0x000000001987e800 3150   !   3       java.util.jar.Manifest::parseName (84 bytes)

GC Heap History (10 events):
Event: 0.786 GC heap before
{Heap before GC invocations=1 (full 0):
 PSYoungGen      total 38400K, used 33280K [0x00000000d5d80000, 0x00000000d8800000, 0x0000000100000000)
  eden space 33280K, 100% used [0x00000000d5d80000,0x00000000d7e00000,0x00000000d7e00000)
  from space 5120K, 0% used [0x00000000d8300000,0x00000000d8300000,0x00000000d8800000)
  to   space 5120K, 0% used [0x00000000d7e00000,0x00000000d7e00000,0x00000000d8300000)
 ParOldGen       total 87552K, used 0K [0x0000000081800000, 0x0000000086d80000, 0x00000000d5d80000)
  object space 87552K, 0% used [0x0000000081800000,0x0000000081800000,0x0000000086d80000)
 Metaspace       used 7818K, capacity 7976K, committed 8192K, reserved 1056768K
  class space    used 977K, capacity 1020K, committed 1024K, reserved 1048576K
Event: 0.793 GC heap after
Heap after GC invocations=1 (full 0):
 PSYoungGen      total 38400K, used 4609K [0x00000000d5d80000, 0x00000000d8800000, 0x0000000100000000)
  eden space 33280K, 0% used [0x00000000d5d80000,0x00000000d5d80000,0x00000000d7e00000)
  from space 5120K, 90% used [0x00000000d7e00000,0x00000000d8280740,0x00000000d8300000)
  to   space 5120K, 0% used [0x00000000d8300000,0x00000000d8300000,0x00000000d8800000)
 ParOldGen       total 87552K, used 8K [0x0000000081800000, 0x0000000086d80000, 0x00000000d5d80000)
  object space 87552K, 0% used [0x0000000081800000,0x0000000081802000,0x0000000086d80000)
 Metaspace       used 7818K, capacity 7976K, committed 8192K, reserved 1056768K
  class space    used 977K, capacity 1020K, committed 1024K, reserved 1048576K
}
Event: 1.381 GC heap before
{Heap before GC invocations=2 (full 0):
 PSYoungGen      total 38400K, used 37889K [0x00000000d5d80000, 0x00000000d8800000, 0x0000000100000000)
  eden space 33280K, 100% used [0x00000000d5d80000,0x00000000d7e00000,0x00000000d7e00000)
  from space 5120K, 90% used [0x00000000d7e00000,0x00000000d8280740,0x00000000d8300000)
  to   space 5120K, 0% used [0x00000000d8300000,0x00000000d8300000,0x00000000d8800000)
 ParOldGen       total 87552K, used 8K [0x0000000081800000, 0x0000000086d80000, 0x00000000d5d80000)
  object space 87552K, 0% used [0x0000000081800000,0x0000000081802000,0x0000000086d80000)
 Metaspace       used 11532K, capacity 11796K, committed 12160K, reserved 1060864K
  class space    used 1448K, capacity 1544K, committed 1664K, reserved 1048576K
Event: 1.389 GC heap after
Heap after GC invocations=2 (full 0):
 PSYoungGen      total 38400K, used 5112K [0x00000000d5d80000, 0x00000000da880000, 0x0000000100000000)
  eden space 33280K, 0% used [0x00000000d5d80000,0x00000000d5d80000,0x00000000d7e00000)
  from space 5120K, 99% used [0x00000000d8300000,0x00000000d87fe398,0x00000000d8800000)
  to   space 5120K, 0% used [0x00000000d7e00000,0x00000000d7e00000,0x00000000d8300000)
 ParOldGen       total 87552K, used 1785K [0x0000000081800000, 0x0000000086d80000, 0x00000000d5d80000)
  object space 87552K, 2% used [0x0000000081800000,0x00000000819be5f0,0x0000000086d80000)
 Metaspace       used 11532K, capacity 11796K, committed 12160K, reserved 1060864K
  class space    used 1448K, capacity 1544K, committed 1664K, reserved 1048576K
}
Event: 2.140 GC heap before
{Heap before GC invocations=3 (full 0):
 PSYoungGen      total 38400K, used 38392K [0x00000000d5d80000, 0x00000000da880000, 0x0000000100000000)
  eden space 33280K, 100% used [0x00000000d5d80000,0x00000000d7e00000,0x00000000d7e00000)
  from space 5120K, 99% used [0x00000000d8300000,0x00000000d87fe398,0x00000000d8800000)
  to   space 5120K, 0% used [0x00000000d7e00000,0x00000000d7e00000,0x00000000d8300000)
 ParOldGen       total 87552K, used 1785K [0x0000000081800000, 0x0000000086d80000, 0x00000000d5d80000)
  object space 87552K, 2% used [0x0000000081800000,0x00000000819be5f0,0x0000000086d80000)
 Metaspace       used 14811K, capacity 15054K, committed 15232K, reserved 1062912K
  class space    used 1815K, capacity 1911K, committed 1920K, reserved 1048576K
Event: 2.153 GC heap after
Heap after GC invocations=3 (full 0):
 PSYoungGen      total 38400K, used 5104K [0x00000000d5d80000, 0x00000000da880000, 0x0000000100000000)
  eden space 33280K, 0% used [0x00000000d5d80000,0x00000000d5d80000,0x00000000d7e00000)
  from space 5120K, 99% used [0x00000000d7e00000,0x00000000d82fc030,0x00000000d8300000)
  to   space 5120K, 0% used [0x00000000da380000,0x00000000da380000,0x00000000da880000)
 ParOldGen       total 87552K, used 4461K [0x0000000081800000, 0x0000000086d80000, 0x00000000d5d80000)
  object space 87552K, 5% used [0x0000000081800000,0x0000000081c5b7d8,0x0000000086d80000)
 Metaspace       used 14811K, capacity 15054K, committed 15232K, reserved 1062912K
  class space    used 1815K, capacity 1911K, committed 1920K, reserved 1048576K
}
Event: 2.858 GC heap before
{Heap before GC invocations=4 (full 0):
 PSYoungGen      total 38400K, used 38384K [0x00000000d5d80000, 0x00000000da880000, 0x0000000100000000)
  eden space 33280K, 100% used [0x00000000d5d80000,0x00000000d7e00000,0x00000000d7e00000)
  from space 5120K, 99% used [0x00000000d7e00000,0x00000000d82fc030,0x00000000d8300000)
  to   space 5120K, 0% used [0x00000000da380000,0x00000000da380000,0x00000000da880000)
 ParOldGen       total 87552K, used 4461K [0x0000000081800000, 0x0000000086d80000, 0x00000000d5d80000)
  object space 87552K, 5% used [0x0000000081800000,0x0000000081c5b7d8,0x0000000086d80000)
 Metaspace       used 15551K, capacity 15940K, committed 16128K, reserved 1062912K
  class space    used 1890K, capacity 1988K, committed 2048K, reserved 1048576K
Event: 2.873 GC heap after
Heap after GC invocations=4 (full 0):
 PSYoungGen      total 71680K, used 5088K [0x00000000d5d80000, 0x00000000da880000, 0x0000000100000000)
  eden space 66560K, 0% used [0x00000000d5d80000,0x00000000d5d80000,0x00000000d9e80000)
  from space 5120K, 99% used [0x00000000da380000,0x00000000da878020,0x00000000da880000)
  to   space 5120K, 0% used [0x00000000d9e80000,0x00000000d9e80000,0x00000000da380000)
 ParOldGen       total 87552K, used 6798K [0x0000000081800000, 0x0000000086d80000, 0x00000000d5d80000)
  object space 87552K, 7% used [0x0000000081800000,0x0000000081ea3868,0x0000000086d80000)
 Metaspace       used 15551K, capacity 15940K, committed 16128K, reserved 1062912K
  class space    used 1890K, capacity 1988K, committed 2048K, reserved 1048576K
}
Event: 3.975 GC heap before
{Heap before GC invocations=5 (full 0):
 PSYoungGen      total 71680K, used 71648K [0x00000000d5d80000, 0x00000000da880000, 0x0000000100000000)
  eden space 66560K, 100% used [0x00000000d5d80000,0x00000000d9e80000,0x00000000d9e80000)
  from space 5120K, 99% used [0x00000000da380000,0x00000000da878020,0x00000000da880000)
  to   space 5120K, 0% used [0x00000000d9e80000,0x00000000d9e80000,0x00000000da380000)
 ParOldGen       total 87552K, used 6798K [0x0000000081800000, 0x0000000086d80000, 0x00000000d5d80000)
  object space 87552K, 7% used [0x0000000081800000,0x0000000081ea3868,0x0000000086d80000)
 Metaspace       used 20113K, capacity 20678K, committed 20864K, reserved 1067008K
  class space    used 2457K, capacity 2589K, committed 2688K, reserved 1048576K
Event: 4.001 GC heap after
Heap after GC invocations=5 (full 0):
 PSYoungGen      total 71680K, used 5088K [0x00000000d5d80000, 0x00000000df480000, 0x0000000100000000)
  eden space 66560K, 0% used [0x00000000d5d80000,0x00000000d5d80000,0x00000000d9e80000)
  from space 5120K, 99% used [0x00000000d9e80000,0x00000000da378020,0x00000000da380000)
  to   space 10752K, 0% used [0x00000000dea00000,0x00000000dea00000,0x00000000df480000)
 ParOldGen       total 87552K, used 11375K [0x0000000081800000, 0x0000000086d80000, 0x00000000d5d80000)
  object space 87552K, 12% used [0x0000000081800000,0x000000008231be30,0x0000000086d80000)
 Metaspace       used 20113K, capacity 20678K, committed 20864K, reserved 1067008K
  class space    used 2457K, capacity 2589K, committed 2688K, reserved 1048576K
}

Deoptimization events (10 events):
Event: 3.008 Thread 0x0000000004c02800 Uncommon trap: reason=bimorphic action=maybe_recompile pc=0x0000000005370790 method=java.util.regex.Pattern$CharProperty.match(Ljava/util/regex/Matcher;ILjava/lang/CharSequence;)Z @ 37
Event: 3.048 Thread 0x0000000004c02800 Uncommon trap: reason=unstable_if action=reinterpret pc=0x00000000055b8c38 method=org.apache.maven.model.ConfigurationContainer.clone()Lorg/apache/maven/model/ConfigurationContainer; @ 37
Event: 3.052 Thread 0x0000000004c02800 Uncommon trap: reason=bimorphic action=maybe_recompile pc=0x000000000535aec4 method=java.util.concurrent.ConcurrentHashMap.get(Ljava/lang/Object;)Ljava/lang/Object; @ 149
Event: 3.107 Thread 0x0000000004c02800 Uncommon trap: reason=bimorphic action=maybe_recompile pc=0x000000000535aec4 method=java.util.concurrent.ConcurrentHashMap.get(Ljava/lang/Object;)Ljava/lang/Object; @ 149
Event: 3.232 Thread 0x0000000004c02800 Uncommon trap: reason=bimorphic action=maybe_recompile pc=0x000000000535aec4 method=java.util.concurrent.ConcurrentHashMap.get(Ljava/lang/Object;)Ljava/lang/Object; @ 149
Event: 3.509 Thread 0x0000000004c02800 Uncommon trap: reason=bimorphic action=maybe_recompile pc=0x0000000005370790 method=java.util.regex.Pattern$CharProperty.match(Ljava/util/regex/Matcher;ILjava/lang/CharSequence;)Z @ 37
Event: 3.589 Thread 0x0000000004c02800 Uncommon trap: reason=unstable_if action=reinterpret pc=0x0000000004e28d48 method=java.net.URI.match(CJJ)Z @ 19
Event: 4.015 Thread 0x0000000004c02800 Uncommon trap: reason=unstable_if action=reinterpret pc=0x00000000053c149c method=java.util.LinkedHashMap.afterNodeInsertion(Z)V @ 18
Event: 4.076 Thread 0x0000000004c02800 Uncommon trap: reason=unstable_if action=reinterpret pc=0x0000000004ef0c04 method=java.util.HashMap.putVal(ILjava/lang/Object;Ljava/lang/Object;ZZ)Ljava/lang/Object; @ 193
Event: 4.077 Thread 0x0000000004c02800 Uncommon trap: reason=unstable_if action=reinterpret pc=0x0000000004eeb0cc method=java.util.HashMap.putVal(ILjava/lang/Object;Ljava/lang/Object;ZZ)Ljava/lang/Object; @ 193

Classes redefined (0 events):
No events

Internal exceptions (10 events):
Event: 1.710 Thread 0x0000000004c02800 Exception <a 'java/lang/NullPointerException'> (0x00000000d6aa0750) thrown at [C:\re\workspace\8-2-build-windows-amd64-cygwin\jdk8u161\10277\hotspot\src\share\vm\interpreter\linkResolver.cpp, line 1185]
Event: 1.710 Thread 0x0000000004c02800 Exception <a 'java/lang/NullPointerException'> (0x00000000d6aa0968) thrown at [C:\re\workspace\8-2-build-windows-amd64-cygwin\jdk8u161\10277\hotspot\src\share\vm\interpreter\linkResolver.cpp, line 1185]
Event: 1.907 Thread 0x0000000004c02800 Implicit null exception at 0x00000000050cbe15 to 0x00000000050cc011
Event: 1.908 Thread 0x0000000004c02800 Implicit null exception at 0x0000000005035def to 0x0000000005035e59
Event: 1.994 Thread 0x0000000004c02800 Implicit null exception at 0x000000000532e66e to 0x000000000532f8ed
Event: 3.588 Thread 0x0000000004c02800 Exception <a 'java/lang/ClassNotFoundException': com/sun/tools/javac/api/JavacTool> (0x00000000d89c9f48) thrown at [C:\re\workspace\8-2-build-windows-amd64-cygwin\jdk8u161\10277\hotspot\src\share\vm\classfile\systemDictionary.cpp, line 210]
Event: 4.082 Thread 0x0000000004c02800 Exception <a 'java/security/PrivilegedActionException'> (0x00000000d66503b0) thrown at [C:\re\workspace\8-2-build-windows-amd64-cygwin\jdk8u161\10277\hotspot\src\share\vm\prims\jvm.cpp, line 1390]
Event: 4.082 Thread 0x0000000004c02800 Exception <a 'java/security/PrivilegedActionException'> (0x00000000d66507a8) thrown at [C:\re\workspace\8-2-build-windows-amd64-cygwin\jdk8u161\10277\hotspot\src\share\vm\prims\jvm.cpp, line 1390]
Event: 4.082 Thread 0x0000000004c02800 Exception <a 'java/security/PrivilegedActionException'> (0x00000000d6651e28) thrown at [C:\re\workspace\8-2-build-windows-amd64-cygwin\jdk8u161\10277\hotspot\src\share\vm\prims\jvm.cpp, line 1390]
Event: 4.082 Thread 0x0000000004c02800 Exception <a 'java/security/PrivilegedActionException'> (0x00000000d6652220) thrown at [C:\re\workspace\8-2-build-windows-amd64-cygwin\jdk8u161\10277\hotspot\src\share\vm\prims\jvm.cpp, line 1390]

Events (10 events):
Event: 4.114 loading class com/sun/tools/javac/util/Position$LineMap
Event: 4.114 loading class com/sun/tools/javac/util/Position$LineMap done
Event: 4.114 loading class com/sun/tools/javac/util/Position$LineTabMapImpl
Event: 4.114 loading class com/sun/tools/javac/util/Position$LineTabMapImpl done
Event: 4.115 Executing VM operation: EnableBiasedLocking
Event: 4.116 Executing VM operation: EnableBiasedLocking done
Event: 4.145 loading class com/sun/tools/javac/parser/JavaTokenizer$BasicComment
Event: 4.145 loading class com/sun/tools/javac/parser/JavaTokenizer$BasicComment done
Event: 4.146 loading class com/sun/tools/javac/tree/TreeInfo$2
Event: 4.146 loading class com/sun/tools/javac/tree/TreeInfo$2 done


Dynamic libraries:
0x00007ff7ff6e0000 - 0x00007ff7ff717000 	C:\Program Files\Java\jdk1.8.0_161\bin\javaw.exe
0x00007ffbc1e70000 - 0x00007ffbc2050000 	C:\WINDOWS\SYSTEM32\ntdll.dll
0x00007ffbbf620000 - 0x00007ffbbf6ce000 	C:\WINDOWS\System32\KERNEL32.DLL
0x00007ffbbe610000 - 0x00007ffbbe876000 	C:\WINDOWS\System32\KERNELBASE.dll
0x00007ffbbf970000 - 0x00007ffbbfa11000 	C:\WINDOWS\System32\ADVAPI32.dll
0x00007ffbc1d60000 - 0x00007ffbc1dfd000 	C:\WINDOWS\System32\msvcrt.dll
0x00007ffbbf910000 - 0x00007ffbbf96b000 	C:\WINDOWS\System32\sechost.dll
0x00007ffbc1af0000 - 0x00007ffbc1c0f000 	C:\WINDOWS\System32\RPCRT4.dll
0x00007ffbbf3c0000 - 0x00007ffbbf54f000 	C:\WINDOWS\System32\USER32.dll
0x00007ffbbe270000 - 0x00007ffbbe290000 	C:\WINDOWS\System32\win32u.dll
0x00007ffbc1e00000 - 0x00007ffbc1e28000 	C:\WINDOWS\System32\GDI32.dll
0x00007ffbbe9a0000 - 0x00007ffbbeb33000 	C:\WINDOWS\System32\gdi32full.dll
0x00007ffbbe900000 - 0x00007ffbbe99b000 	C:\WINDOWS\System32\msvcp_win.dll
0x00007ffbbe460000 - 0x00007ffbbe556000 	C:\WINDOWS\System32\ucrtbase.dll
0x00007ffbade00000 - 0x00007ffbae069000 	C:\WINDOWS\WinSxS\amd64_microsoft.windows.common-controls_6595b64144ccf1df_6.0.16299.371_none_15c7d1789365a290\COMCTL32.dll
0x00007ffbc15e0000 - 0x00007ffbc18e8000 	C:\WINDOWS\System32\combase.dll
0x00007ffbbe880000 - 0x00007ffbbe8f2000 	C:\WINDOWS\System32\bcryptPrimitives.dll
0x00007ffbbfa20000 - 0x00007ffbbfa4d000 	C:\WINDOWS\System32\IMM32.DLL
0x0000000071040000 - 0x0000000071112000 	C:\Program Files\Java\jdk1.8.0_161\jre\bin\msvcr100.dll
0x00000000707a0000 - 0x000000007103f000 	C:\Program Files\Java\jdk1.8.0_161\jre\bin\server\jvm.dll
0x00007ffbc10d0000 - 0x00007ffbc10d8000 	C:\WINDOWS\System32\PSAPI.DLL
0x00007ffbb2ca0000 - 0x00007ffbb2ca9000 	C:\WINDOWS\SYSTEM32\WSOCK32.dll
0x00007ffbb1c30000 - 0x00007ffbb1c53000 	C:\WINDOWS\SYSTEM32\WINMM.dll
0x00007ffbc1060000 - 0x00007ffbc10cc000 	C:\WINDOWS\System32\WS2_32.dll
0x00007ffbb4600000 - 0x00007ffbb460a000 	C:\WINDOWS\SYSTEM32\VERSION.dll
0x00007ffbb1be0000 - 0x00007ffbb1c0a000 	C:\WINDOWS\SYSTEM32\WINMMBASE.dll
0x00007ffbbe560000 - 0x00007ffbbe5aa000 	C:\WINDOWS\System32\cfgmgr32.dll
0x0000000070790000 - 0x000000007079f000 	C:\Program Files\Java\jdk1.8.0_161\jre\bin\verify.dll
0x0000000070760000 - 0x0000000070789000 	C:\Program Files\Java\jdk1.8.0_161\jre\bin\java.dll
0x0000000070740000 - 0x0000000070756000 	C:\Program Files\Java\jdk1.8.0_161\jre\bin\zip.dll
0x00007ffbbfa50000 - 0x00007ffbc0e86000 	C:\WINDOWS\System32\SHELL32.dll
0x00007ffbc1530000 - 0x00007ffbc15d6000 	C:\WINDOWS\System32\shcore.dll
0x00007ffbbebf0000 - 0x00007ffbbf337000 	C:\WINDOWS\System32\windows.storage.dll
0x00007ffbbf360000 - 0x00007ffbbf3b1000 	C:\WINDOWS\System32\shlwapi.dll
0x00007ffbbe250000 - 0x00007ffbbe261000 	C:\WINDOWS\System32\kernel.appcore.dll
0x00007ffbbe200000 - 0x00007ffbbe24c000 	C:\WINDOWS\System32\powrprof.dll
0x00007ffbbe1e0000 - 0x00007ffbbe1fb000 	C:\WINDOWS\System32\profapi.dll
0x0000000070710000 - 0x000000007072a000 	C:\Program Files\Java\jdk1.8.0_161\jre\bin\net.dll
0x00007ffbbda50000 - 0x00007ffbbdab6000 	C:\WINDOWS\system32\mswsock.dll
0x00000000706f0000 - 0x0000000070701000 	C:\Program Files\Java\jdk1.8.0_161\jre\bin\nio.dll

VM Arguments:
jvm_args: -Dmaven.home=EMBEDDED -Dclassworlds.conf=C:\Users\inti0331\Desktop\Formation\Workspaces\08_WebServices\.metadata\.plugins\org.eclipse.m2e.launching\launches\m2conf2518156501849618059.tmp -Dmaven.multiModuleProjectDirectory=C:\Users\inti0331\git\appsystemeagence\AppSystemeAgence -Dfile.encoding=Cp1252 
java_command: org.codehaus.plexus.classworlds.launcher.Launcher -B clean install
java_class_path (initial): /C:/Users/inti0331/Desktop/Formation/Tools/spring/sts-bundle/sts-3.8.2.RELEASE/plugins/org.eclipse.m2e.maven.runtime_1.7.1.20161104-1803/jars/plexus-classworlds-2.5.2.jar
Launcher Type: SUN_STANDARD

Environment Variables:
JAVA_HOME=C:\Program Files\Java\jdk1.8.0_161
PATH=C:/Program Files/Java/jre1.8.0_161/bin/server;C:/Program Files/Java/jre1.8.0_161/bin;C:/Program Files/Java/jre1.8.0_161/lib/amd64;C:\ProgramData\Oracle\Java\javapath;C:\Program Files (x86)\Intel\iCLS Client\;C:\Program Files\Intel\iCLS Client\;C:\WINDOWS\system32;C:\WINDOWS;C:\WINDOWS\System32\Wbem;C:\WINDOWS\System32\WindowsPowerShell\v1.0\;c:\Program Files (x86)\ATI Technologies\ATI.ACE\Core-Static;C:\Program Files (x86)\Intel\Intel(R) Management Engine Components\DAL;C:\Program Files\Intel\Intel(R) Management Engine Components\DAL;C:\Program Files (x86)\Intel\Intel(R) Management Engine Components\IPT;C:\Program Files\Intel\Intel(R) Management Engine Components\IPT;C:\Program Files\Intel\WiFi\bin\;C:\Program Files\Common Files\Intel\WirelessCommon\;C:\Program Files\Java\jdk1.8.0_161\bin;C:\Program Files\MySQL\MySQL Utilities 1.6\;C:\Users\inti0331\Desktop\Formation\Tools\apache-maven-3.5.3\bin;C:\Users\inti0331\AppData\Local\Microsoft\WindowsApps;;C:\Users\inti0331\Desktop\Formation\Tools\spring\sts-bundle\sts-3.8.2.RELEASE;
USERNAME=inti0331
OS=Windows_NT
PROCESSOR_IDENTIFIER=Intel64 Family 6 Model 78 Stepping 3, GenuineIntel



---------------  S Y S T E M  ---------------

OS: Windows 10.0 , 64 bit Build 16299 (10.0.16299.15)

CPU:total 4 (initial active 4) (2 cores per cpu, 2 threads per core) family 6 model 78 stepping 3, cmov, cx8, fxsr, mmx, sse, sse2, sse3, ssse3, sse4.1, sse4.2, popcnt, avx, avx2, aes, clmul, erms, 3dnowpref, lzcnt, ht, tsc, tscinvbit, bmi1, bmi2, adx

Memory: 4k page, physical 8282712k(1995624k free), swap 12477012k(5804k free)

vm_info: Java HotSpot(TM) 64-Bit Server VM (25.161-b12) for windows-amd64 JRE (1.8.0_161-b12), built on Dec 19 2017 17:52:25 by "java_re" with MS VC++ 10.0 (VS2010)

time: Fri May 04 11:46:11 2018
elapsed time: 4 seconds (0d 0h 0m 4s)

